Using pre-set license
Built from '2022.3/staging' branch; Version is '2022.3.45f1 (a13dfa44d684) revision 10567162'; Using compiler version '192829333'; Build Type 'Release'
OS: 'Windows 11  (10.0.26100) 64bit Core' Language: 'cs' Physical Memory: 15773 MB
BatchMode: 1, IsHumanControllingUs: 0, StartBugReporterOnCrash: 0, Is64bit: 1, IsPro: 1

COMMAND LINE ARGUMENTS:
C:\Program Files\Unity\Hub\Editor\2022.3.45f1\Editor\Unity.exe
-adb2
-batchMode
-noUpm
-name
AssetImportWorker1
-projectPath
C:/Users/prchl/Documents/GitHub/maturit
-logFile
Logs/AssetImportWorker1.log
-srvPort
61131
Successfully changed project path to: C:/Users/prchl/Documents/GitHub/maturit
C:/Users/prchl/Documents/GitHub/maturit
[UnityMemory] Configuration Parameters - Can be set up in boot.config
    "memorysetup-bucket-allocator-granularity=16"
    "memorysetup-bucket-allocator-bucket-count=8"
    "memorysetup-bucket-allocator-block-size=33554432"
    "memorysetup-bucket-allocator-block-count=8"
    "memorysetup-main-allocator-block-size=16777216"
    "memorysetup-thread-allocator-block-size=16777216"
    "memorysetup-gfx-main-allocator-block-size=16777216"
    "memorysetup-gfx-thread-allocator-block-size=16777216"
    "memorysetup-cache-allocator-block-size=4194304"
    "memorysetup-typetree-allocator-block-size=2097152"
    "memorysetup-profiler-bucket-allocator-granularity=16"
    "memorysetup-profiler-bucket-allocator-bucket-count=8"
    "memorysetup-profiler-bucket-allocator-block-size=33554432"
    "memorysetup-profiler-bucket-allocator-block-count=8"
    "memorysetup-profiler-allocator-block-size=16777216"
    "memorysetup-profiler-editor-allocator-block-size=1048576"
    "memorysetup-temp-allocator-size-main=16777216"
    "memorysetup-job-temp-allocator-block-size=2097152"
    "memorysetup-job-temp-allocator-block-size-background=1048576"
    "memorysetup-job-temp-allocator-reduction-small-platforms=262144"
    "memorysetup-allocator-temp-initial-block-size-main=262144"
    "memorysetup-allocator-temp-initial-block-size-worker=262144"
    "memorysetup-temp-allocator-size-background-worker=32768"
    "memorysetup-temp-allocator-size-job-worker=262144"
    "memorysetup-temp-allocator-size-preload-manager=33554432"
    "memorysetup-temp-allocator-size-nav-mesh-worker=65536"
    "memorysetup-temp-allocator-size-audio-worker=65536"
    "memorysetup-temp-allocator-size-cloud-worker=32768"
    "memorysetup-temp-allocator-size-gi-baking-worker=262144"
    "memorysetup-temp-allocator-size-gfx=262144"
Player connection [28352]  Target information:

Player connection [28352]  * "[IP] 192.168.0.154 [Port] 0 [Flags] 2 [Guid] 3127146190 [EditorId] 3127146190 [Version] 1048832 [Id] WindowsEditor(7,wannabe) [Debug] 1 [PackageName] WindowsEditor [ProjectName] Editor" 

Player connection [28352] Host joined multi-casting on [225.0.0.222:54997]...
Player connection [28352] Host joined alternative multi-casting on [225.0.0.222:34997]...
[PhysX] Initialized MultithreadedTaskDispatcher with 16 workers.
Refreshing native plugins compatible for Editor in 13.02 ms, found 3 plugins.
Preloading 0 native plugins for Editor in 0.00 ms.
Initialize engine version: 2022.3.45f1 (a13dfa44d684)
[Subsystems] Discovering subsystems at path C:/Program Files/Unity/Hub/Editor/2022.3.45f1/Editor/Data/Resources/UnitySubsystems
[Subsystems] Discovering subsystems at path C:/Users/prchl/Documents/GitHub/maturit/Assets
GfxDevice: creating device client; threaded=0; jobified=0
Direct3D:
    Version:  Direct3D 11.0 [level 11.1]
    Renderer: AMD Radeon(TM) Graphics (ID=0x1638)
    Vendor:   ATI
    VRAM:     7886 MB
    Driver:   31.0.21916.1002
Initialize mono
Mono path[0] = 'C:/Program Files/Unity/Hub/Editor/2022.3.45f1/Editor/Data/Managed'
Mono path[1] = 'C:/Program Files/Unity/Hub/Editor/2022.3.45f1/Editor/Data/MonoBleedingEdge/lib/mono/unityjit-win32'
Mono config path = 'C:/Program Files/Unity/Hub/Editor/2022.3.45f1/Editor/Data/MonoBleedingEdge/etc'
Using monoOptions --debugger-agent=transport=dt_socket,embedding=1,server=y,suspend=n,address=127.0.0.1:56952
Begin MonoManager ReloadAssembly
Registering precompiled unity dll's ...
Register platform support module: C:/Program Files/Unity/Hub/Editor/2022.3.45f1/Editor/Data/PlaybackEngines/WebGLSupport/UnityEditor.WebGL.Extensions.dll
Register platform support module: C:/Program Files/Unity/Hub/Editor/2022.3.45f1/Editor/Data/PlaybackEngines/WindowsStandaloneSupport/UnityEditor.WindowsStandalone.Extensions.dll
Registered in 0.010093 seconds.

=================================================================
	Native Crash Reporting
=================================================================
Got a UNKNOWN while executing native code. This usually indicates
a fatal error in the mono runtime or one of the native libraries 
used by your application.
=================================================================

=================================================================
	Managed Stacktrace:
=================================================================
=================================================================
Received signal SIGSEGV
Obtained 19 stack frames
0x00007ff7675a5c18 (Unity) DynamicHeapAllocator::Allocate
0x00007ff7675b485c (Unity) DualThreadAllocator<DynamicHeapAllocator>::Allocate
0x00007ff7675a6331 (Unity) MemoryManager::Allocate
0x00007ff7675b087e (Unity) malloc_internal
0x00007ff7675dd8ff (Unity) core::hash_set<core::pair<int const ,ObjectDispatcher::DispatchSystemHandle * __ptr64,0>,core::hash_pair<core::hash<int>,int,ObjectDispatcher::DispatchSystemHandle * __ptr64>,core::equal_pair<std::equal_to<int>,int,ObjectDispatcher::DispatchSystemHandle * __ptr64> >::resize
0x00007ff767d37fa7 (Unity) core::hash_map<unsigned __int64,core::hash_set<int,core::hash<int>,std::equal_to<int> > * __ptr64,core::hash<unsigned __int64>,std::equal_to<unsigned __int64> >::hash_map<unsigned __int64,core::hash_set<int,core::hash<int>,std::equal_to<int> > * __ptr64,core::hash<unsigned __int64>,std::equal_to<unsigned __int64> >
0x00007ff767d3817d (Unity) AssemblyTypeRecords::AssemblyTypeRecords
0x00007ff767d44b72 (Unity) AssemblyTypeRecordsBuilder::ScrapeEntireDomain
0x00007ff767d45cb7 (Unity) AssemblyTypeRecordsBuilder::UpdateActiveRecordsForNewDomain
0x00007ff767d422a2 (Unity) TypeCacheProvider::Refresh
0x00007ff767c8a57f (Unity) MonoManager::AnalyzeDomain
0x00007ff767c938c9 (Unity) MonoManager::LoadAllAssembliesAndSetupDomain
0x00007ff767c967fc (Unity) MonoManager::ReloadAssembly
0x00007ff768c41316 (Unity) LoadUnityMonoAssemblies
0x00007ff76891aa31 (Unity) Application::InitializeProject
0x00007ff768dadb45 (Unity) WinMain
0x00007ff76a15f93e (Unity) __scrt_common_main_seh
0x00007ff8fb18e8d7 (KERNEL32) BaseThreadInitThunk
0x00007ff8fca1bf6c (ntdll) RtlUserThreadStart

