Using pre-set license
Built from '2022.3/staging' branch; Version is '2022.3.45f1 (a13dfa44d684) revision 10567162'; Using compiler version '192829333'; Build Type 'Release'
OS: 'Windows 11  (10.0.26100) 64bit Core' Language: 'cs' Physical Memory: 15773 MB
BatchMode: 1, IsHumanControllingUs: 0, StartBugReporterOnCrash: 0, Is64bit: 1, IsPro: 1

COMMAND LINE ARGUMENTS:
C:\Program Files\Unity\Hub\Editor\2022.3.45f1\Editor\Unity.exe
-adb2
-batchMode
-noUpm
-name
AssetImportWorker0
-projectPath
C:/Users/prchl/Documents/GitHub/maturit
-logFile
Logs/AssetImportWorker0.log
-srvPort
61131
Successfully changed project path to: C:/Users/prchl/Documents/GitHub/maturit
C:/Users/prchl/Documents/GitHub/maturit
[UnityMemory] Configuration Parameters - Can be set up in boot.config
    "memorysetup-bucket-allocator-granularity=16"
    "memorysetup-bucket-allocator-bucket-count=8"
    "memorysetup-bucket-allocator-block-size=33554432"
    "memorysetup-bucket-allocator-block-count=8"
    "memorysetup-main-allocator-block-size=16777216"
    "memorysetup-thread-allocator-block-size=16777216"
    "memorysetup-gfx-main-allocator-block-size=16777216"
    "memorysetup-gfx-thread-allocator-block-size=16777216"
    "memorysetup-cache-allocator-block-size=4194304"
    "memorysetup-typetree-allocator-block-size=2097152"
    "memorysetup-profiler-bucket-allocator-granularity=16"
    "memorysetup-profiler-bucket-allocator-bucket-count=8"
    "memorysetup-profiler-bucket-allocator-block-size=33554432"
    "memorysetup-profiler-bucket-allocator-block-count=8"
    "memorysetup-profiler-allocator-block-size=16777216"
    "memorysetup-profiler-editor-allocator-block-size=1048576"
    "memorysetup-temp-allocator-size-main=16777216"
    "memorysetup-job-temp-allocator-block-size=2097152"
    "memorysetup-job-temp-allocator-block-size-background=1048576"
    "memorysetup-job-temp-allocator-reduction-small-platforms=262144"
    "memorysetup-allocator-temp-initial-block-size-main=262144"
    "memorysetup-allocator-temp-initial-block-size-worker=262144"
    "memorysetup-temp-allocator-size-background-worker=32768"
    "memorysetup-temp-allocator-size-job-worker=262144"
    "memorysetup-temp-allocator-size-preload-manager=33554432"
    "memorysetup-temp-allocator-size-nav-mesh-worker=65536"
    "memorysetup-temp-allocator-size-audio-worker=65536"
    "memorysetup-temp-allocator-size-cloud-worker=32768"
    "memorysetup-temp-allocator-size-gi-baking-worker=262144"
    "memorysetup-temp-allocator-size-gfx=262144"
Player connection [36828]  Target information:

Player connection [36828]  * "[IP] 192.168.0.154 [Port] 0 [Flags] 2 [Guid] 3517042102 [EditorId] 3517042102 [Version] 1048832 [Id] WindowsEditor(7,wannabe) [Debug] 1 [PackageName] WindowsEditor [ProjectName] Editor" 

Player connection [36828] Host joined multi-casting on [225.0.0.222:54997]...
Player connection [36828] Host joined alternative multi-casting on [225.0.0.222:34997]...
[PhysX] Initialized MultithreadedTaskDispatcher with 16 workers.
Refreshing native plugins compatible for Editor in 13.24 ms, found 3 plugins.
Preloading 0 native plugins for Editor in 0.00 ms.
Initialize engine version: 2022.3.45f1 (a13dfa44d684)
[Subsystems] Discovering subsystems at path C:/Program Files/Unity/Hub/Editor/2022.3.45f1/Editor/Data/Resources/UnitySubsystems
[Subsystems] Discovering subsystems at path C:/Users/prchl/Documents/GitHub/maturit/Assets
GfxDevice: creating device client; threaded=0; jobified=0
Direct3D:
    Version:  Direct3D 11.0 [level 11.1]
    Renderer: AMD Radeon(TM) Graphics (ID=0x1638)
    Vendor:   ATI
    VRAM:     7886 MB
    Driver:   31.0.21916.1002
Initialize mono
Mono path[0] = 'C:/Program Files/Unity/Hub/Editor/2022.3.45f1/Editor/Data/Managed'
Mono path[1] = 'C:/Program Files/Unity/Hub/Editor/2022.3.45f1/Editor/Data/MonoBleedingEdge/lib/mono/unityjit-win32'
Mono config path = 'C:/Program Files/Unity/Hub/Editor/2022.3.45f1/Editor/Data/MonoBleedingEdge/etc'
Using monoOptions --debugger-agent=transport=dt_socket,embedding=1,server=y,suspend=n,address=127.0.0.1:56468
Begin MonoManager ReloadAssembly
Registering precompiled unity dll's ...
Register platform support module: C:/Program Files/Unity/Hub/Editor/2022.3.45f1/Editor/Data/PlaybackEngines/WebGLSupport/UnityEditor.WebGL.Extensions.dll
Register platform support module: C:/Program Files/Unity/Hub/Editor/2022.3.45f1/Editor/Data/PlaybackEngines/WindowsStandaloneSupport/UnityEditor.WindowsStandalone.Extensions.dll
Registered in 0.009765 seconds.
- Loaded All Assemblies, in  0.497 seconds
Native extension for WindowsStandalone target not found
Native extension for WebGL target not found
Mono: successfully reloaded assembly
- Finished resetting the current domain, in  0.278 seconds
Domain Reload Profiling: 774ms
	BeginReloadAssembly (108ms)
		ExecutionOrderSort (0ms)
		DisableScriptedObjects (0ms)
		BackupInstance (0ms)
		ReleaseScriptingObjects (0ms)
		CreateAndSetChildDomain (1ms)
	RebuildCommonClasses (33ms)
	RebuildNativeTypeToScriptingClass (9ms)
	initialDomainReloadingComplete (74ms)
	LoadAllAssembliesAndSetupDomain (271ms)
		LoadAssemblies (106ms)
		RebuildTransferFunctionScriptingTraits (0ms)
		AnalyzeDomain (269ms)
			TypeCache.Refresh (267ms)
				TypeCache.ScanAssembly (122ms)
			ScanForSourceGeneratedMonoScriptInfo (0ms)
			ResolveRequiredComponents (1ms)
	FinalizeReload (279ms)
		ReleaseScriptCaches (0ms)
		RebuildScriptCaches (0ms)
		SetupLoadedEditorAssemblies (231ms)
			LogAssemblyErrors (0ms)
			InitializePlatformSupportModulesInManaged (14ms)
			SetLoadedEditorAssemblies (6ms)
			RefreshPlugins (0ms)
			BeforeProcessingInitializeOnLoad (2ms)
			ProcessInitializeOnLoadAttributes (160ms)
			ProcessInitializeOnLoadMethodAttributes (49ms)
			AfterProcessingInitializeOnLoad (0ms)
			EditorAssembliesLoaded (0ms)
		ExecutionOrderSort2 (0ms)
		AwakeInstancesAfterBackupRestoration (0ms)
========================================================================
Worker process is ready to serve import requests

=================================================================
	Native Crash Reporting
=================================================================
Got a UNKNOWN while executing native code. This usually indicates
a fatal error in the mono runtime or one of the native libraries 
used by your application.
=================================================================

=================================================================
	Managed Stacktrace:
=================================================================
=================================================================
Received signal SIGSEGV
Obtained 34 stack frames
0x00007ff7675a5c18 (Unity) DynamicHeapAllocator::Allocate
0x00007ff7675b485c (Unity) DualThreadAllocator<DynamicHeapAllocator>::Allocate
0x00007ff7675b7854 (Unity) DualThreadAllocator<DynamicHeapAllocator>::Reallocate
0x00007ff7675add39 (Unity) MemoryManager::Reallocate
0x00007ff7675b08fc (Unity) realloc_internal
0x00007ff766eb4d14 (Unity) core::vector_detail::vector_data::reallocate
0x00007ff7677072e4 (Unity) core::vector_detail::vector_data::resize_buffer
0x00007ff767584378 (Unity) core::vector<core::pair<core::basic_string_ref<char>,core::basic_string_ref<char>,0>,0>::resize_buffer_nocheck
0x00007ff767d559dc (Unity) TypeTreeShareableData::BlobRead
0x00007ff767d6fff9 (Unity) SerializedFile::SerializedType::ReadType<0,0>
0x00007ff767d6e2c5 (Unity) SerializedFile::ReadMetadata<0>
0x00007ff767d7be8b (Unity) SerializedFile::ReadHeader
0x00007ff767d7a196 (Unity) SerializedFile::InitializeRead
0x00007ff767d5bd2d (Unity) PersistentManager::GetStreamNameSpaceInternal
0x00007ff767d5b0ea (Unity) PersistentManager::GetSerializedFileIfObjectAvailable
0x00007ff767d60e32 (Unity) PersistentManager::ReadAndActivateObjectThreaded
0x00007ff767d617c1 (Unity) PersistentManager::ReadObjectThreaded
0x00007ff767d6157c (Unity) PersistentManager::ReadObject
0x00007ff766e8dd4b (Unity) PPtr<Object>::operator Object * __ptr64
0x00007ff767c554b9 (Unity) dynamic_pptr_cast<MonoScript * __ptr64,Object>
0x00007ff769154bee (Unity) AssetImportWorkerClient::RegisterAvailableScripts
0x00007ff76914820a (Unity) <lambda_943be6b2c5671afd01d59371cf3ef730>::operator()
0x00007ff769184002 (Unity) asio::detail::completion_handler<core::mutable_function<void __cdecl(void)>,asio::io_context::basic_executor_type<std::allocator<void>,0> >::do_complete
0x00007ff76916ffae (Unity) asio::detail::win_iocp_io_context::do_one
0x00007ff769171bde (Unity) asio::detail::win_iocp_io_context::run
0x00007ff7691823ac (Unity) IOService::Run
0x00007ff76915582f (Unity) AssetImportWorkerClient::Run
0x00007ff769121197 (Unity) RunAssetImportWorkerClientV2
0x00007ff76912121b (Unity) RunAssetImporterV2
0x00007ff76891aa4e (Unity) Application::InitializeProject
0x00007ff768dadb45 (Unity) WinMain
0x00007ff76a15f93e (Unity) __scrt_common_main_seh
0x00007ff8fb18e8d7 (KERNEL32) BaseThreadInitThunk
0x00007ff8fca1bf6c (ntdll) RtlUserThreadStart

